{
  "events": [
    {
      "EventID": 7036,
      "Timestamp": "2024-11-08T01:45:12",
      "Level": "Information",
      "Source": "Service Control Manager",
      "Message": "The Windows Update service entered the stopped state.",
      "Computer": "DC01.corp.local",
      "User": "SYSTEM",
      "ServiceName": "wuauserv",
      "ServiceState": "stopped"
    },
    {
      "EventID": 4634,
      "Timestamp": "2024-11-08T02:05:44",
      "Level": "Information",
      "Source": "Microsoft-Windows-Security-Auditing",
      "Message": "An account was logged off.",
      "Computer": "DC01.corp.local",
      "User": "jsmith",
      "Domain": "CORP",
      "LogonType": 2,
      "LogonID": "0x3E7A1"
    },
    {
      "EventID": 7036,
      "Timestamp": "2024-11-08T02:10:08",
      "Level": "Information",
      "Source": "Service Control Manager",
      "Message": "The Windows Defender Antivirus Service entered the running state.",
      "Computer": "DC01.corp.local",
      "User": "SYSTEM",
      "ServiceName": "WinDefend",
      "ServiceState": "running"
    },
    {
      "EventID": 4625,
      "Timestamp": "2024-11-08T02:17:03",
      "Level": "Error",
      "Source": "Microsoft-Windows-Security-Auditing",
      "Message": "An account failed to log on. Reason: Unknown username or bad password.",
      "Computer": "DC01.corp.local",
      "User": "Administrator",
      "Domain": "CORP",
      "LogonType": 3,
      "IPAddress": "10.20.45.113",
      "AuthPackage": "NTLM",
      "LogonID": "0x0"
    },
    {
      "EventID": 4625,
      "Timestamp": "2024-11-08T02:17:06",
      "Level": "Error",
      "Source": "Microsoft-Windows-Security-Auditing",
      "Message": "An account failed to log on. Reason: Unknown username or bad password.",
      "Computer": "DC01.corp.local",
      "User": "Administrator",
      "Domain": "CORP",
      "LogonType": 3,
      "IPAddress": "10.20.45.113",
      "AuthPackage": "NTLM",
      "LogonID": "0x0"
    },
    {
      "EventID": 4625,
      "Timestamp": "2024-11-08T02:17:09",
      "Level": "Error",
      "Source": "Microsoft-Windows-Security-Auditing",
      "Message": "An account failed to log on. Reason: Unknown username or bad password.",
      "Computer": "DC01.corp.local",
      "User": "Administrator",
      "Domain": "CORP",
      "LogonType": 3,
      "IPAddress": "10.20.45.113",
      "AuthPackage": "NTLM",
      "LogonID": "0x0"
    },
    {
      "EventID": 4625,
      "Timestamp": "2024-11-08T02:17:13",
      "Level": "Error",
      "Source": "Microsoft-Windows-Security-Auditing",
      "Message": "An account failed to log on. Reason: Unknown username or bad password.",
      "Computer": "DC01.corp.local",
      "User": "Administrator",
      "Domain": "CORP",
      "LogonType": 3,
      "IPAddress": "10.20.45.113",
      "AuthPackage": "NTLM",
      "LogonID": "0x0"
    },
    {
      "EventID": 4625,
      "Timestamp": "2024-11-08T02:17:16",
      "Level": "Error",
      "Source": "Microsoft-Windows-Security-Auditing",
      "Message": "An account failed to log on. Reason: Unknown username or bad password.",
      "Computer": "DC01.corp.local",
      "User": "Administrator",
      "Domain": "CORP",
      "LogonType": 3,
      "IPAddress": "10.20.45.113",
      "AuthPackage": "NTLM",
      "LogonID": "0x0"
    },
    {
      "EventID": 4625,
      "Timestamp": "2024-11-08T02:17:19",
      "Level": "Error",
      "Source": "Microsoft-Windows-Security-Auditing",
      "Message": "An account failed to log on. Reason: Unknown username or bad password.",
      "Computer": "DC01.corp.local",
      "User": "Administrator",
      "Domain": "CORP",
      "LogonType": 3,
      "IPAddress": "10.20.45.113",
      "AuthPackage": "NTLM",
      "LogonID": "0x0"
    },
    {
      "EventID": 4625,
      "Timestamp": "2024-11-08T02:17:22",
      "Level": "Error",
      "Source": "Microsoft-Windows-Security-Auditing",
      "Message": "An account failed to log on. Reason: Unknown username or bad password.",
      "Computer": "DC01.corp.local",
      "User": "Administrator",
      "Domain": "CORP",
      "LogonType": 3,
      "IPAddress": "10.20.45.113",
      "AuthPackage": "NTLM",
      "LogonID": "0x0"
    },
    {
      "EventID": 4625,
      "Timestamp": "2024-11-08T02:17:25",
      "Level": "Error",
      "Source": "Microsoft-Windows-Security-Auditing",
      "Message": "An account failed to log on. Reason: Unknown username or bad password.",
      "Computer": "DC01.corp.local",
      "User": "Administrator",
      "Domain": "CORP",
      "LogonType": 3,
      "IPAddress": "10.20.45.113",
      "AuthPackage": "NTLM",
      "LogonID": "0x0"
    },
    {
      "EventID": 4624,
      "Timestamp": "2024-11-08T02:17:31",
      "Level": "Information",
      "Source": "Microsoft-Windows-Security-Auditing",
      "Message": "An account was successfully logged on.",
      "Computer": "DC01.corp.local",
      "User": "Administrator",
      "Domain": "CORP",
      "LogonType": 3,
      "IPAddress": "10.20.45.113",
      "AuthPackage": "NTLM",
      "LogonID": "0xFA3B2"
    },
    {
      "EventID": 4720,
      "Timestamp": "2024-11-08T02:19:42",
      "Level": "Warning",
      "Source": "Microsoft-Windows-Security-Auditing",
      "Message": "A user account was created.",
      "Computer": "DC01.corp.local",
      "SubjectUser": "Administrator",
      "NewAccountName": "svc_update",
      "NewAccountDomain": "CORP",
      "LogonID": "0xFA3B2"
    },
    {
      "EventID": 4634,
      "Timestamp": "2024-11-08T02:23:17",
      "Level": "Information",
      "Source": "Microsoft-Windows-Security-Auditing",
      "Message": "An account was logged off.",
      "Computer": "DC01.corp.local",
      "User": "Administrator",
      "Domain": "CORP",
      "LogonType": 3,
      "LogonID": "0xFA3B2"
    },
    {
      "EventID": 4634,
      "Timestamp": "2024-11-08T08:44:15",
      "Level": "Information",
      "Source": "Microsoft-Windows-Security-Auditing",
      "Message": "An account was logged off.",
      "Computer": "WS04.corp.local",
      "User": "mjones",
      "Domain": "CORP",
      "LogonType": 2,
      "LogonID": "0x1B3F9"
    },
    {
      "EventID": 4624,
      "Timestamp": "2024-11-08T08:45:20",
      "Level": "Information",
      "Source": "Microsoft-Windows-Security-Auditing",
      "Message": "An account was successfully logged on.",
      "Computer": "WS04.corp.local",
      "User": "mjones",
      "Domain": "CORP",
      "LogonType": 2,
      "IPAddress": "192.168.1.45",
      "AuthPackage": "Kerberos",
      "LogonID": "0x2C4A7"
    },
    {
      "EventID": 7036,
      "Timestamp": "2024-11-08T08:46:01",
      "Level": "Information",
      "Source": "Service Control Manager",
      "Message": "The Print Spooler service entered the running state.",
      "Computer": "WS04.corp.local",
      "User": "SYSTEM",
      "ServiceName": "Spooler",
      "ServiceState": "running"
    }
  ]
}
